0 info it worked if it ends with ok
1 verbose cli [ '/usr/local/bin/node',
1 verbose cli   '/usr/local/bin/npm',
1 verbose cli   'install',
1 verbose cli   'node-jspdf' ]
2 info using npm@2.14.20
3 info using node@v4.4.1
4 verbose install initial load of /Users/sashych/Documents/cv/package.json
5 verbose installManyTop reading scoped package data from /Users/sashych/Documents/cv/node_modules/body-parser/package.json
6 verbose installManyTop reading scoped package data from /Users/sashych/Documents/cv/node_modules/cookie-parser/package.json
7 verbose installManyTop reading scoped package data from /Users/sashych/Documents/cv/node_modules/debug/package.json
8 verbose installManyTop reading scoped package data from /Users/sashych/Documents/cv/node_modules/ejs/package.json
9 verbose installManyTop reading scoped package data from /Users/sashych/Documents/cv/node_modules/express/package.json
10 verbose installManyTop reading scoped package data from /Users/sashych/Documents/cv/node_modules/morgan/package.json
11 verbose installManyTop reading scoped package data from /Users/sashych/Documents/cv/node_modules/serve-favicon/package.json
12 verbose readDependencies loading dependencies from /Users/sashych/Documents/cv/package.json
13 silly cache add args [ 'node-jspdf', null ]
14 verbose cache add spec node-jspdf
15 silly cache add parsed spec Result {
15 silly cache add   raw: 'node-jspdf',
15 silly cache add   scope: null,
15 silly cache add   name: 'node-jspdf',
15 silly cache add   rawSpec: '',
15 silly cache add   spec: 'latest',
15 silly cache add   type: 'tag' }
16 silly addNamed node-jspdf@latest
17 verbose addNamed "latest" is being treated as a dist-tag for node-jspdf
18 info addNameTag [ 'node-jspdf', 'latest' ]
19 silly mapToRegistry name node-jspdf
20 silly mapToRegistry using default registry
21 silly mapToRegistry registry https://registry.npmjs.org/
22 silly mapToRegistry uri https://registry.npmjs.org/node-jspdf
23 verbose addNameTag registry:https://registry.npmjs.org/node-jspdf not in flight; fetching
24 verbose request uri https://registry.npmjs.org/node-jspdf
25 verbose request no auth needed
26 info attempt registry request try #1 at 8:42:21 PM
27 verbose request id 225905fada7830f4
28 verbose etag "EAIF9ZE98Q6I6IYLAMFVQHJ3R"
29 http request GET https://registry.npmjs.org/node-jspdf
30 http 304 https://registry.npmjs.org/node-jspdf
31 verbose headers { date: 'Sat, 02 Apr 2016 17:42:21 GMT',
31 verbose headers   via: '1.1 varnish',
31 verbose headers   'cache-control': 'max-age=300',
31 verbose headers   etag: '"EAIF9ZE98Q6I6IYLAMFVQHJ3R"',
31 verbose headers   age: '0',
31 verbose headers   connection: 'keep-alive',
31 verbose headers   'x-served-by': 'cache-ams4127-AMS',
31 verbose headers   'x-cache': 'MISS',
31 verbose headers   'x-cache-hits': '0',
31 verbose headers   'x-timer': 'S1459618941.423981,VS0,VE103',
31 verbose headers   vary: 'Accept' }
32 silly get cb [ 304,
32 silly get   { date: 'Sat, 02 Apr 2016 17:42:21 GMT',
32 silly get     via: '1.1 varnish',
32 silly get     'cache-control': 'max-age=300',
32 silly get     etag: '"EAIF9ZE98Q6I6IYLAMFVQHJ3R"',
32 silly get     age: '0',
32 silly get     connection: 'keep-alive',
32 silly get     'x-served-by': 'cache-ams4127-AMS',
32 silly get     'x-cache': 'MISS',
32 silly get     'x-cache-hits': '0',
32 silly get     'x-timer': 'S1459618941.423981,VS0,VE103',
32 silly get     vary: 'Accept' } ]
33 verbose etag https://registry.npmjs.org/node-jspdf from cache
34 verbose get saving node-jspdf to /Users/sashych/.npm/registry.npmjs.org/node-jspdf/.cache.json
35 verbose correctMkdir /Users/sashych/.npm correctMkdir not in flight; initializing
36 silly addNameTag next cb for node-jspdf with tag latest
37 silly addNamed node-jspdf@0.0.3
38 verbose addNamed "0.0.3" is a plain semver version for node-jspdf
39 silly cache afterAdd node-jspdf@0.0.3
40 verbose afterAdd /Users/sashych/.npm/node-jspdf/0.0.3/package/package.json not in flight; writing
41 verbose correctMkdir /Users/sashych/.npm correctMkdir not in flight; initializing
42 verbose afterAdd /Users/sashych/.npm/node-jspdf/0.0.3/package/package.json written
43 silly install resolved [ { name: 'node-jspdf',
43 silly install resolved     version: '0.0.3',
43 silly install resolved     description: 'Use jsPDF in your node apps.',
43 silly install resolved     main: 'index.js',
43 silly install resolved     scripts: { install: 'sh install.sh' },
43 silly install resolved     repository: { type: 'git', url: 'github.com/calvinfroedge/node-jspdf.git' },
43 silly install resolved     keywords: [ 'jspdf', 'node', 'pdf' ],
43 silly install resolved     author: { name: 'jspdf.com, Calvin Froedge' },
43 silly install resolved     license: 'DBAD',
43 silly install resolved     bugs: { url: 'https://github.com/calvinfroedge/node-jspdf/issues' },
43 silly install resolved     homepage: 'https://github.com/calvinfroedge/node-jspdf',
43 silly install resolved     gitHead: 'c54c8d4b8d23373dec865d0a60374034cbbf830e',
43 silly install resolved     _id: 'node-jspdf@0.0.3',
43 silly install resolved     _shasum: 'aeeb2380c997948512e9dcb52151c9511ef61a9d',
43 silly install resolved     _from: 'node-jspdf@latest',
43 silly install resolved     _npmVersion: '1.4.23',
43 silly install resolved     _npmUser: { name: 'calvinfroedge', email: 'calvinfroedge@gmail.com' },
43 silly install resolved     maintainers: [ [Object] ],
43 silly install resolved     dist:
43 silly install resolved      { shasum: 'aeeb2380c997948512e9dcb52151c9511ef61a9d',
43 silly install resolved        tarball: 'https://registry.npmjs.org/node-jspdf/-/node-jspdf-0.0.3.tgz' },
43 silly install resolved     directories: {},
43 silly install resolved     _resolved: 'https://registry.npmjs.org/node-jspdf/-/node-jspdf-0.0.3.tgz',
43 silly install resolved     readme: 'ERROR: No README data found!' } ]
44 info install node-jspdf@0.0.3 into /Users/sashych/Documents/cv
45 info installOne node-jspdf@0.0.3
46 verbose installOne of node-jspdf to /Users/sashych/Documents/cv not in flight; installing
47 verbose correctMkdir /Users/sashych/.npm/_locks correctMkdir not in flight; initializing
48 verbose lock using /Users/sashych/.npm/_locks/node-jspdf-f136dfa862c4706f.lock for /Users/sashych/Documents/cv/node_modules/node-jspdf
49 silly install write writing node-jspdf 0.0.3 to /Users/sashych/Documents/cv/node_modules/node-jspdf
50 verbose unbuild node_modules/node-jspdf
51 silly gentlyRm /Users/sashych/Documents/cv/node_modules/node-jspdf is being purged from base /Users/sashych/Documents/cv
52 verbose gentlyRm don't care about contents; nuking /Users/sashych/Documents/cv/node_modules/node-jspdf
53 verbose tar unpack /Users/sashych/.npm/node-jspdf/0.0.3/package.tgz
54 verbose tar unpacking to /Users/sashych/Documents/cv/node_modules/node-jspdf
55 silly gentlyRm /Users/sashych/Documents/cv/node_modules/node-jspdf is being purged
56 verbose gentlyRm don't care about contents; nuking /Users/sashych/Documents/cv/node_modules/node-jspdf
57 silly gunzTarPerm modes [ '755', '644' ]
58 silly gunzTarPerm extractEntry package.json
59 silly gunzTarPerm extractEntry .npmignore
60 silly gunzTarPerm extractEntry README.md
61 silly gunzTarPerm extractEntry index.js
62 silly gunzTarPerm extractEntry install.sh
63 verbose write writing to /Users/sashych/Documents/cv/node_modules/node-jspdf/package.json
64 info preinstall node-jspdf@0.0.3
65 verbose readDependencies loading dependencies from /Users/sashych/Documents/cv/node_modules/node-jspdf/package.json
66 verbose readDependencies loading dependencies from /Users/sashych/Documents/cv/node_modules/node-jspdf/package.json
67 silly install resolved []
68 verbose about to build /Users/sashych/Documents/cv/node_modules/node-jspdf
69 info build /Users/sashych/Documents/cv/node_modules/node-jspdf
70 info linkStuff node-jspdf@0.0.3
71 silly linkStuff node-jspdf@0.0.3 has /Users/sashych/Documents/cv/node_modules as its parent node_modules
72 verbose linkBins node-jspdf@0.0.3
73 verbose linkMans node-jspdf@0.0.3
74 verbose rebuildBundles node-jspdf@0.0.3
75 info install node-jspdf@0.0.3
76 verbose unsafe-perm in lifecycle true
77 info node-jspdf@0.0.3 Failed to exec install script
78 verbose unlock done using /Users/sashych/.npm/_locks/node-jspdf-f136dfa862c4706f.lock for /Users/sashych/Documents/cv/node_modules/node-jspdf
79 verbose stack Error: node-jspdf@0.0.3 install: `sh install.sh`
79 verbose stack Exit status 1
79 verbose stack     at EventEmitter.<anonymous> (/usr/local/lib/node_modules/npm/lib/utils/lifecycle.js:214:16)
79 verbose stack     at emitTwo (events.js:87:13)
79 verbose stack     at EventEmitter.emit (events.js:172:7)
79 verbose stack     at ChildProcess.<anonymous> (/usr/local/lib/node_modules/npm/lib/utils/spawn.js:24:14)
79 verbose stack     at emitTwo (events.js:87:13)
79 verbose stack     at ChildProcess.emit (events.js:172:7)
79 verbose stack     at maybeClose (internal/child_process.js:827:16)
79 verbose stack     at Process.ChildProcess._handle.onexit (internal/child_process.js:211:5)
80 verbose pkgid node-jspdf@0.0.3
81 verbose cwd /Users/sashych/Documents/cv
82 error Darwin 14.5.0
83 error argv "/usr/local/bin/node" "/usr/local/bin/npm" "install" "node-jspdf"
84 error node v4.4.1
85 error npm  v2.14.20
86 error code ELIFECYCLE
87 error node-jspdf@0.0.3 install: `sh install.sh`
87 error Exit status 1
88 error Failed at the node-jspdf@0.0.3 install script 'sh install.sh'.
88 error This is most likely a problem with the node-jspdf package,
88 error not with npm itself.
88 error Tell the author that this fails on your system:
88 error     sh install.sh
88 error You can get information on how to open an issue for this project with:
88 error     npm bugs node-jspdf
88 error Or if that isn't available, you can get their info via:
88 error
88 error     npm owner ls node-jspdf
88 error There is likely additional logging output above.
89 verbose exit [ 1, true ]
90 verbose unbuild node_modules/node-jspdf
91 info preuninstall node-jspdf@0.0.3
92 info uninstall node-jspdf@0.0.3
93 verbose unbuild rmStuff node-jspdf@0.0.3 from /Users/sashych/Documents/cv/node_modules
94 info postuninstall node-jspdf@0.0.3
95 silly gentlyRm /Users/sashych/Documents/cv/node_modules/node-jspdf is being purged from base /Users/sashych/Documents/cv
96 verbose gentlyRm don't care about contents; nuking /Users/sashych/Documents/cv/node_modules/node-jspdf
97 silly vacuum-fs purging /Users/sashych/Documents/cv/node_modules/node-jspdf
98 silly vacuum-fs quitting because other entries in /Users/sashych/Documents/cv/node_modules
